
4월 19, 2023 11:19:52.961 NEW SESSION
4월 19, 2023 11:19:52.961 INFO: Created TensorFlow Lite XNNPACK delegate for CPU.
4월 19, 2023 11:24:42.456 INFO: Created TensorFlow Lite XNNPACK delegate for CPU.
4월 19, 2023 11:24:59.07 INFO: Created TensorFlow Lite XNNPACK delegate for CPU.
4월 19, 2023 11:26:12.33 INFO: Created TensorFlow Lite XNNPACK delegate for CPU.
4월 19, 2023 11:37:01.534 INFO: Created TensorFlow Lite XNNPACK delegate for CPU.

4월 19, 2023 14:04:43.550 NEW SESSION
4월 19, 2023 14:04:43.550 INFO: Created TensorFlow Lite XNNPACK delegate for CPU.
4월 19, 2023 14:11:19.668 INFO: Created TensorFlow Lite XNNPACK delegate for CPU.
4월 19, 2023 14:20:45.787 INFO: Created TensorFlow Lite XNNPACK delegate for CPU.
4월 19, 2023 14:29:13.228 INFO: Created TensorFlow Lite XNNPACK delegate for CPU.
4월 19, 2023 14:44:19.893 INFO: Created TensorFlow Lite XNNPACK delegate for CPU.
4월 19, 2023 14:45:29.929 INFO: Created TensorFlow Lite XNNPACK delegate for CPU.
4월 19, 2023 14:47:55.922 INFO: Created TensorFlow Lite XNNPACK delegate for CPU.
4월 19, 2023 14:49:27.593 [15316:14968:0419/144927.593:ERROR:usb_descriptors.cc(114)] Failed to parse configuration descriptor.
4월 19, 2023 14:49:27.698 INFO: Created TensorFlow Lite XNNPACK delegate for CPU.
4월 19, 2023 14:53:50.167 [15200:12780:0419/145350.166:ERROR:device_event_log_impl.cc(222)] [14:53:50.167] USB: usb_device_handle_win.cc:1046 Failed to read descriptor from node connection: 시스템에 부착된 장치가 작동하지 않습니다. (0x1F)
4월 19, 2023 14:53:50.168 [15200:12780:0419/145350.166:ERROR:usb_descriptors.cc(117)] Failed to read configuration descriptor.
4월 19, 2023 14:53:50.168 [15200:12780:0419/145350.167:ERROR:usb_descriptors.cc(100)] Failed to read all configuration descriptors. Expected 1, got 0.
4월 19, 2023 14:53:50.169 [15200:12780:0419/145350.167:ERROR:device_event_log_impl.cc(222)] [14:53:50.167] USB: usb_device_win.cc:95 Failed to read descriptors from \\?\usb#vid_275d&pid_0ba6#6&37369825&0&6#{a5dcbf10-6530-11d2-901f-00c04fb951ed}.
4월 19, 2023 14:53:50.283 INFO: Created TensorFlow Lite XNNPACK delegate for CPU.
4월 19, 2023 14:56:32.446 INFO: Created TensorFlow Lite XNNPACK delegate for CPU.
4월 19, 2023 14:57:01.376 INFO: Created TensorFlow Lite XNNPACK delegate for CPU.
4월 19, 2023 14:57:33.449 INFO: Created TensorFlow Lite XNNPACK delegate for CPU.
4월 19, 2023 15:02:45.760 INFO: Created TensorFlow Lite XNNPACK delegate for CPU.
4월 19, 2023 15:17:36.498 INFO: Created TensorFlow Lite XNNPACK delegate for CPU.

4월 20, 2023 08:47:11.731 NEW SESSION
4월 20, 2023 08:47:11.731 INFO: Created TensorFlow Lite XNNPACK delegate for CPU.
4월 20, 2023 09:01:45.570 [5132:11440:0420/090145.570:ERROR:device_event_log_impl.cc(222)] [09:01:45.569] USB: usb_device_handle_win.cc:1046 Failed to read descriptor from node connection: 시스템에 부착된 장치가 작동하지 않습니다. (0x1F)
4월 20, 2023 09:01:45.571 [5132:11440:0420/090145.570:ERROR:usb_descriptors.cc(117)] Failed to read configuration descriptor.
4월 20, 2023 09:01:45.572 [5132:11440:0420/090145.570:ERROR:usb_descriptors.cc(100)] Failed to read all configuration descriptors. Expected 1, got 0.
4월 20, 2023 09:01:45.572 [5132:11440:0420/090145.570:ERROR:device_event_log_impl.cc(222)] [09:01:45.569] USB: usb_device_win.cc:95 Failed to read descriptors from \\?\usb#vid_275d&pid_0ba6#6&37369825&0&6#{a5dcbf10-6530-11d2-901f-00c04fb951ed}.
4월 20, 2023 09:01:45.679 INFO: Created TensorFlow Lite XNNPACK delegate for CPU.
